Arguments: 
  C:\Program Files\nodejs\node.exe C:\Program Files (x86)\Yarn\bin\yarn.js add bootstrap --dev

PATH: 
  C:\Python39\Scripts\;C:\Python39\;C:\WINDOWS\system32;C:\WINDOWS;C:\WINDOWS\System32\Wbem;C:\WINDOWS\System32\WindowsPowerShell\v1.0\;C:\WINDOWS\System32\OpenSSH\;C:\xampp\php;C:\composer;C:\Program Files\Git\cmd;C:\Program Files\Symfony;C:\xampp\php;C:\Program Files (x86)\Yarn\bin\;C:\Program Files\nodejs\;C:\ProgramData\chocolatey\bin;C:\xampp\php;C:\Users\Adminitrador\AppData\Roaming\Composer\vendor\bin;C:\Users\Adminitrador\AppData\Local\GitHubDesktop\bin;C:\Users\Adminitrador\AppData\Local\Yarn\bin;C:\Users\Adminitrador\AppData\Roaming\npm

Yarn version: 
  1.22.5

Node version: 
  14.15.3

Platform: 
  win32 x64

Trace: 
  Error: https://registry.yarnpkg.com/bootstrap: tunneling socket could not be established, cause=getaddrinfo ENOTFOUND 3128
      at ClientRequest.onError (C:\Program Files (x86)\Yarn\lib\cli.js:152235:17)
      at Object.onceWrapper (events.js:422:26)
      at ClientRequest.emit (events.js:315:20)
      at Socket.socketErrorListener (_http_client.js:469:9)
      at Socket.emit (events.js:315:20)
      at emitErrorNT (internal/streams/destroy.js:106:8)
      at emitErrorCloseNT (internal/streams/destroy.js:74:3)
      at processTicksAndRejections (internal/process/task_queues.js:80:21)

npm manifest: 
  No manifest

yarn manifest: 
  No manifest

Lockfile: 
  # THIS IS AN AUTOGENERATED FILE. DO NOT EDIT THIS FILE DIRECTLY.
  # yarn lockfile v1
